[ERROR] /home/uriel/Escritorio/Power_Systems_App/src/main/java/proyectoSistemasDePotencia/TapsTrafoController.java:[64,86] unmappable character (0xFA) for encoding UTF-8
[ERROR] /home/uriel/Escritorio/Power_Systems_App/src/main/java/proyectoSistemasDePotencia/InfoImpedanciaFalla.java:[40,72] unmappable character (0xED) for encoding UTF-8
[ERROR] /home/uriel/Escritorio/Power_Systems_App/src/main/java/proyectoSistemasDePotencia/InfoImpedanciaFalla.java:[40,116] unmappable character (0xED) for encoding UTF-8
[ERROR] /home/uriel/Escritorio/Power_Systems_App/src/main/java/proyectoSistemasDePotencia/InfoImpedanciaFalla.java:[58,86] unmappable character (0xFA) for encoding UTF-8
[ERROR] /home/uriel/Escritorio/Power_Systems_App/src/main/java/application/SPController.java:[314,37] unmappable character (0xE9) for encoding UTF-8
[ERROR] /home/uriel/Escritorio/Power_Systems_App/src/main/java/application/SPController.java:[314,82] unmappable character (0xF3) for encoding UTF-8
[ERROR] /home/uriel/Escritorio/Power_Systems_App/src/main/java/application/SPController.java:[337,52] unmappable character (0xE1) for encoding UTF-8
[ERROR] /home/uriel/Escritorio/Power_Systems_App/src/main/java/application/SPController.java:[354,53] unmappable character (0xE1) for encoding UTF-8
[ERROR] /home/uriel/Escritorio/Power_Systems_App/src/main/java/application/SPController.java:[371,49] unmappable character (0xED) for encoding UTF-8
[ERROR] /home/uriel/Escritorio/Power_Systems_App/src/main/java/application/SPController.java:[371,57] unmappable character (0xED) for encoding UTF-8
[ERROR] /home/uriel/Escritorio/Power_Systems_App/src/main/java/application/SPController.java:[387,49] unmappable character (0xED) for encoding UTF-8
[ERROR] /home/uriel/Escritorio/Power_Systems_App/src/main/java/application/SPController.java:[387,55] unmappable character (0xED) for encoding UTF-8
[ERROR] /home/uriel/Escritorio/Power_Systems_App/src/main/java/application/SPController.java:[403,50] unmappable character (0xED) for encoding UTF-8
[ERROR] /home/uriel/Escritorio/Power_Systems_App/src/main/java/application/SPController.java:[430,64] unmappable character (0xE1) for encoding UTF-8
[ERROR] /home/uriel/Escritorio/Power_Systems_App/src/main/java/application/SPController.java:[495,54] unmappable character (0xF3) for encoding UTF-8
[ERROR] /home/uriel/Escritorio/Power_Systems_App/src/main/java/application/SPController.java:[528,145] unmappable character (0xED) for encoding UTF-8
[ERROR] /home/uriel/Escritorio/Power_Systems_App/src/main/java/application/SPController.java:[740,89] unmappable character (0xE9) for encoding UTF-8
[ERROR] /home/uriel/Escritorio/Power_Systems_App/src/main/java/application/SPController.java:[924,64] unmappable character (0xC1) for encoding UTF-8
[ERROR] /home/uriel/Escritorio/Power_Systems_App/src/main/java/application/SPController.java:[924,128] unmappable character (0xF3) for encoding UTF-8
[ERROR] /home/uriel/Escritorio/Power_Systems_App/src/main/java/application/SPController.java:[931,113] unmappable character (0xB0) for encoding UTF-8
[ERROR] /home/uriel/Escritorio/Power_Systems_App/src/main/java/application/SPController.java:[933,113] unmappable character (0xB0) for encoding UTF-8
[ERROR] /home/uriel/Escritorio/Power_Systems_App/src/main/java/application/SPController.java:[935,113] unmappable character (0xB0) for encoding UTF-8
[ERROR] /home/uriel/Escritorio/Power_Systems_App/src/main/java/application/SPController.java:[938,111] unmappable character (0xB0) for encoding UTF-8
[ERROR] /home/uriel/Escritorio/Power_Systems_App/src/main/java/application/SPController.java:[940,111] unmappable character (0xB0) for encoding UTF-8
[ERROR] /home/uriel/Escritorio/Power_Systems_App/src/main/java/application/SPController.java:[942,111] unmappable character (0xB0) for encoding UTF-8
[ERROR] /home/uriel/Escritorio/Power_Systems_App/src/main/java/application/SPController.java:[952,64] unmappable character (0xD3) for encoding UTF-8
[ERROR] /home/uriel/Escritorio/Power_Systems_App/src/main/java/application/SPController.java:[1047,138] unmappable character (0xF3) for encoding UTF-8
[ERROR] /home/uriel/Escritorio/Power_Systems_App/src/main/java/application/SPController.java:[1052,129] unmappable character (0xB0) for encoding UTF-8
[ERROR] /home/uriel/Escritorio/Power_Systems_App/src/main/java/application/SPController.java:[1054,140] unmappable character (0xB0) for encoding UTF-8
[ERROR] /home/uriel/Escritorio/Power_Systems_App/src/main/java/application/SPController.java:[1056,140] unmappable character (0xB0) for encoding UTF-8
[ERROR] /home/uriel/Escritorio/Power_Systems_App/src/main/java/application/SPController.java:[1074,88] unmappable character (0xD3) for encoding UTF-8
[ERROR] /home/uriel/Escritorio/Power_Systems_App/src/main/java/application/SPController.java:[1114,88] unmappable character (0xD3) for encoding UTF-8
[ERROR] /home/uriel/Escritorio/Power_Systems_App/src/main/java/application/SPController.java:[1144,88] unmappable character (0xD3) for encoding UTF-8
[ERROR] /home/uriel/Escritorio/Power_Systems_App/src/main/java/application/SPController.java:[1165,130] unmappable character (0xF3) for encoding UTF-8
[ERROR] /home/uriel/Escritorio/Power_Systems_App/src/main/java/application/SPController.java:[1170,121] unmappable character (0xB0) for encoding UTF-8
[ERROR] /home/uriel/Escritorio/Power_Systems_App/src/main/java/application/SPController.java:[1172,121] unmappable character (0xB0) for encoding UTF-8
[ERROR] /home/uriel/Escritorio/Power_Systems_App/src/main/java/application/SPController.java:[1174,121] unmappable character (0xB0) for encoding UTF-8
[ERROR] /home/uriel/Escritorio/Power_Systems_App/src/main/java/application/SPController.java:[1189,80] unmappable character (0xD3) for encoding UTF-8
[ERROR] /home/uriel/Escritorio/Power_Systems_App/src/main/java/application/SPController.java:[1224,129] unmappable character (0xB0) for encoding UTF-8
[ERROR] /home/uriel/Escritorio/Power_Systems_App/src/main/java/application/SPController.java:[1226,140] unmappable character (0xB0) for encoding UTF-8
[ERROR] /home/uriel/Escritorio/Power_Systems_App/src/main/java/application/SPController.java:[1228,140] unmappable character (0xB0) for encoding UTF-8
[ERROR] /home/uriel/Escritorio/Power_Systems_App/src/main/java/application/SPController.java:[1241,129] unmappable character (0xB0) for encoding UTF-8
[ERROR] /home/uriel/Escritorio/Power_Systems_App/src/main/java/application/SPController.java:[1243,140] unmappable character (0xB0) for encoding UTF-8
[ERROR] /home/uriel/Escritorio/Power_Systems_App/src/main/java/application/SPController.java:[1245,140] unmappable character (0xB0) for encoding UTF-8
[ERROR] /home/uriel/Escritorio/Power_Systems_App/src/main/java/application/SPController.java:[1246,89] unmappable character (0xF3) for encoding UTF-8
[ERROR] /home/uriel/Escritorio/Power_Systems_App/src/main/java/application/SPController.java:[1251,76] unmappable character (0xB0) for encoding UTF-8
[ERROR] /home/uriel/Escritorio/Power_Systems_App/src/main/java/application/SPController.java:[1255,76] unmappable character (0xB0) for encoding UTF-8
[ERROR] /home/uriel/Escritorio/Power_Systems_App/src/main/java/application/SPController.java:[1259,76] unmappable character (0xB0) for encoding UTF-8
[ERROR] /home/uriel/Escritorio/Power_Systems_App/src/main/java/application/SPController.java:[1259,106] unmappable character (0xF3) for encoding UTF-8
[ERROR] /home/uriel/Escritorio/Power_Systems_App/src/main/java/application/SPController.java:[1264,76] unmappable character (0xB0) for encoding UTF-8
[ERROR] /home/uriel/Escritorio/Power_Systems_App/src/main/java/application/SPController.java:[1268,76] unmappable character (0xB0) for encoding UTF-8
[ERROR] /home/uriel/Escritorio/Power_Systems_App/src/main/java/application/SPController.java:[1272,76] unmappable character (0xB0) for encoding UTF-8
[ERROR] /home/uriel/Escritorio/Power_Systems_App/src/main/java/application/SPController.java:[1282,80] unmappable character (0xD3) for encoding UTF-8
[ERROR] /home/uriel/Escritorio/Power_Systems_App/src/main/java/application/SPController.java:[1282,87] unmappable character (0xCD) for encoding UTF-8
[ERROR] /home/uriel/Escritorio/Power_Systems_App/src/main/java/application/SPController.java:[1313,121] unmappable character (0xB0) for encoding UTF-8
[ERROR] /home/uriel/Escritorio/Power_Systems_App/src/main/java/application/SPController.java:[1315,121] unmappable character (0xB0) for encoding UTF-8
[ERROR] /home/uriel/Escritorio/Power_Systems_App/src/main/java/application/SPController.java:[1317,121] unmappable character (0xB0) for encoding UTF-8
[ERROR] /home/uriel/Escritorio/Power_Systems_App/src/main/java/application/SPController.java:[1318,81] unmappable character (0xF3) for encoding UTF-8
[ERROR] /home/uriel/Escritorio/Power_Systems_App/src/main/java/application/SPController.java:[1318,91] unmappable character (0xE1) for encoding UTF-8
[ERROR] /home/uriel/Escritorio/Power_Systems_App/src/main/java/application/SPController.java:[1320,139] unmappable character (0xB0) for encoding UTF-8
[ERROR] /home/uriel/Escritorio/Power_Systems_App/src/main/java/application/SPController.java:[1322,150] unmappable character (0xB0) for encoding UTF-8
[ERROR] /home/uriel/Escritorio/Power_Systems_App/src/main/java/application/SPController.java:[1325,139] unmappable character (0xB0) for encoding UTF-8
[ERROR] /home/uriel/Escritorio/Power_Systems_App/src/main/java/application/SPController.java:[1335,80] unmappable character (0xD3) for encoding UTF-8
[ERROR] /home/uriel/Escritorio/Power_Systems_App/src/main/java/application/SPController.java:[1364,91] unmappable character (0xE1) for encoding UTF-8
[ERROR] /home/uriel/Escritorio/Power_Systems_App/src/main/java/application/SPController.java:[1596,56] unmappable character (0xD3) for encoding UTF-8
[ERROR] /home/uriel/Escritorio/Power_Systems_App/src/main/java/application/SPController.java:[1634,72] unmappable character (0xD3) for encoding UTF-8
[ERROR] /home/uriel/Escritorio/Power_Systems_App/src/main/java/application/SPController.java:[1680,72] unmappable character (0xD3) for encoding UTF-8
[ERROR] /home/uriel/Escritorio/Power_Systems_App/src/main/java/application/SPController.java:[2734,114] unmappable character (0xCD) for encoding UTF-8
[ERROR] /home/uriel/Escritorio/Power_Systems_App/src/main/java/proyectoSistemasDePotencia/infoBanco.java:[35,56] unmappable character (0xF3) for encoding UTF-8
[ERROR] /home/uriel/Escritorio/Power_Systems_App/src/main/java/proyectoSistemasDePotencia/infoBanco.java:[63,45] unmappable character (0xD3) for encoding UTF-8
[ERROR] /home/uriel/Escritorio/Power_Systems_App/src/main/java/proyectoSistemasDePotencia/infoBanco.java:[84,86] unmappable character (0xFA) for encoding UTF-8
[ERROR] /home/uriel/Escritorio/Power_Systems_App/src/main/java/bts/ViewinBst.java:[86,89] unmappable character (0xF3) for encoding UTF-8
[ERROR] /home/uriel/Escritorio/Power_Systems_App/src/main/java/application/NewtonRaphson.java:[23,22] unmappable character (0xF3) for encoding UTF-8
[ERROR] /home/uriel/Escritorio/Power_Systems_App/src/main/java/application/NewtonRaphson.java:[223,117] unmappable character (0xF3) for encoding UTF-8
[ERROR] /home/uriel/Escritorio/Power_Systems_App/src/main/java/application/NewtonRaphson.java:[272,96] unmappable character (0xF3) for encoding UTF-8
[ERROR] /home/uriel/Escritorio/Power_Systems_App/src/main/java/application/NewtonRaphson.java:[273,177] unmappable character (0xF3) for encoding UTF-8
[ERROR] /home/uriel/Escritorio/Power_Systems_App/src/main/java/weightedGraphs/TextWeightedGraph.java:[23,52] unmappable character (0xE1) for encoding UTF-8
[ERROR] /home/uriel/Escritorio/Power_Systems_App/src/main/java/application/MatricesController.java:[49,86] unmappable character (0xFA) for encoding UTF-8
[ERROR] /home/uriel/Escritorio/Power_Systems_App/src/main/java/proyectoSistemasDePotencia/InfoTrafo.java:[44,49] unmappable character (0xF3) for encoding UTF-8
[ERROR] /home/uriel/Escritorio/Power_Systems_App/src/main/java/proyectoSistemasDePotencia/InfoTrafo.java:[44,96] unmappable character (0xF3) for encoding UTF-8
[ERROR] /home/uriel/Escritorio/Power_Systems_App/src/main/java/proyectoSistemasDePotencia/InfoTrafo.java:[45,51] unmappable character (0xF3) for encoding UTF-8
[ERROR] /home/uriel/Escritorio/Power_Systems_App/src/main/java/proyectoSistemasDePotencia/InfoTrafo.java:[45,100] unmappable character (0xF3) for encoding UTF-8
[ERROR] /home/uriel/Escritorio/Power_Systems_App/src/main/java/proyectoSistemasDePotencia/InfoTrafo.java:[106,45] unmappable character (0xD3) for encoding UTF-8
[ERROR] /home/uriel/Escritorio/Power_Systems_App/src/main/java/proyectoSistemasDePotencia/InfoTrafo.java:[120,56] unmappable character (0xD3) for encoding UTF-8
[ERROR] /home/uriel/Escritorio/Power_Systems_App/src/main/java/proyectoSistemasDePotencia/InfoTrafo.java:[188,56] unmappable character (0xD3) for encoding UTF-8
[ERROR] /home/uriel/Escritorio/Power_Systems_App/src/main/java/proyectoSistemasDePotencia/InfoTrafo.java:[225,86] unmappable character (0xFA) for encoding UTF-8
[ERROR] /home/uriel/Escritorio/Power_Systems_App/src/main/java/proyectoSistemasDePotencia/Barras.java:[82,100] unmappable character (0xF3) for encoding UTF-8
[ERROR] /home/uriel/Escritorio/Power_Systems_App/src/main/java/proyectoSistemasDePotencia/Barras.java:[82,134] unmappable character (0xF3) for encoding UTF-8
[ERROR] /home/uriel/Escritorio/Power_Systems_App/src/main/java/proyectoSistemasDePotencia/Barras.java:[83,100] unmappable character (0xF3) for encoding UTF-8
[ERROR] /home/uriel/Escritorio/Power_Systems_App/src/main/java/proyectoSistemasDePotencia/Barras.java:[83,134] unmappable character (0xF3) for encoding UTF-8
[ERROR] /home/uriel/Escritorio/Power_Systems_App/src/main/java/proyectoSistemasDePotencia/Barras.java:[306,29] unmappable character (0xF3) for encoding UTF-8
[ERROR] /home/uriel/Escritorio/Power_Systems_App/src/main/java/proyectoSistemasDePotencia/Barras.java:[308,62] unmappable character (0xF3) for encoding UTF-8
[ERROR] /home/uriel/Escritorio/Power_Systems_App/src/main/java/proyectoSistemasDePotencia/InfoImpedanciaAterrizada.java:[54,86] unmappable character (0xFA) for encoding UTF-8
[ERROR] /home/uriel/Escritorio/Power_Systems_App/src/main/java/application/CompensadorController.java:[71,86] unmappable character (0xFA) for encoding UTF-8
[ERROR] /home/uriel/Escritorio/Power_Systems_App/src/main/java/application/CompensadorController.java:[123,49] unmappable character (0xC1) for encoding UTF-8
[ERROR] /home/uriel/Escritorio/Power_Systems_App/src/main/java/proyectoSistemasDePotencia/InfoImpedanciaFallaLinea.java:[22,80] unmappable character (0xF3) for encoding UTF-8
[ERROR] /home/uriel/Escritorio/Power_Systems_App/src/main/java/proyectoSistemasDePotencia/InfoImpedanciaFallaLinea.java:[22,111] unmappable character (0xED) for encoding UTF-8
[ERROR] /home/uriel/Escritorio/Power_Systems_App/src/main/java/proyectoSistemasDePotencia/InfoImpedanciaFallaLinea.java:[42,72] unmappable character (0xED) for encoding UTF-8
[ERROR] /home/uriel/Escritorio/Power_Systems_App/src/main/java/proyectoSistemasDePotencia/InfoImpedanciaFallaLinea.java:[42,116] unmappable character (0xED) for encoding UTF-8
[ERROR] /home/uriel/Escritorio/Power_Systems_App/src/main/java/proyectoSistemasDePotencia/InfoImpedanciaFallaLinea.java:[64,86] unmappable character (0xFA) for encoding UTF-8
[ERROR] /home/uriel/Escritorio/Power_Systems_App/src/main/java/grafos/ConectedCircles.java:[5,1] package javafx does not exist
[ERROR] /home/uriel/Escritorio/Power_Systems_App/src/main/java/grafos/GrafoDinaminco1.java:[4,1] package javafx does not exist
[ERROR] /home/uriel/Escritorio/Power_Systems_App/src/main/java/grafos/Grafo28_22.java:[6,1] package javafx does not exist
[ERROR] /home/uriel/Escritorio/Power_Systems_App/src/main/java/proyectoSistemasDePotencia/PSApplicaation.java:[432,59] constructor Lineas in class proyectoSistemasDePotencia.Lineas cannot be applied to given types;
[ERROR]   required: proyectoSistemasDePotencia.Barras,proyectoSistemasDePotencia.Barras,double,double,double,javafx.scene.shape.Path
[ERROR]   found:    proyectoSistemasDePotencia.Barras,proyectoSistemasDePotencia.Barras,int,int,int
[ERROR]   reason: actual and formal argument lists differ in length
[ERROR] /home/uriel/Escritorio/Power_Systems_App/src/main/java/proyectoSistemasDePotencia/PSApplicaation.java:[440,66] constructor Transformador in class proyectoSistemasDePotencia.Transformador cannot be applied to given types;
[ERROR]   required: proyectoSistemasDePotencia.Barras,proyectoSistemasDePotencia.Barras,double,double,double,javafx.scene.shape.Path
[ERROR]   found:    proyectoSistemasDePotencia.Barras,proyectoSistemasDePotencia.Barras,int,int,int
[ERROR]   reason: actual and formal argument lists differ in length
[ERROR] /home/uriel/Escritorio/Power_Systems_App/src/main/java/proyectoSistemasDePotencia/PSApplicaation.java:[452,72] constructor Lineas in class proyectoSistemasDePotencia.Lineas cannot be applied to given types;
[ERROR]   required: proyectoSistemasDePotencia.Barras,proyectoSistemasDePotencia.Barras,double,double,double,javafx.scene.shape.Path
[ERROR]   found:    proyectoSistemasDePotencia.Barras,proyectoSistemasDePotencia.Barras,int,int,int
[ERROR]   reason: actual and formal argument lists differ in length
[ERROR] /home/uriel/Escritorio/Power_Systems_App/src/main/java/proyectoSistemasDePotencia/PSApplicaation.java:[453,76] constructor Lineas in class proyectoSistemasDePotencia.Lineas cannot be applied to given types;
[ERROR]   required: proyectoSistemasDePotencia.Barras,proyectoSistemasDePotencia.Barras,double,double,double,javafx.scene.shape.Path
[ERROR]   found:    proyectoSistemasDePotencia.Barras,proyectoSistemasDePotencia.Barras,int,int,int
[ERROR]   reason: actual and formal argument lists differ in length
[ERROR] /home/uriel/Escritorio/Power_Systems_App/src/main/java/proyectoSistemasDePotencia/PSApplicaation.java:[460,73] constructor Transformador in class proyectoSistemasDePotencia.Transformador cannot be applied to given types;
[ERROR]   required: proyectoSistemasDePotencia.Barras,proyectoSistemasDePotencia.Barras,double,double,double,javafx.scene.shape.Path
[ERROR]   found:    proyectoSistemasDePotencia.Barras,proyectoSistemasDePotencia.Barras,int,int,int
[ERROR]   reason: actual and formal argument lists differ in length
[ERROR] /home/uriel/Escritorio/Power_Systems_App/src/main/java/proyectoSistemasDePotencia/PSApplicaation.java:[461,76] constructor Transformador in class proyectoSistemasDePotencia.Transformador cannot be applied to given types;
[ERROR]   required: proyectoSistemasDePotencia.Barras,proyectoSistemasDePotencia.Barras,double,double,double,javafx.scene.shape.Path
[ERROR]   found:    proyectoSistemasDePotencia.Barras,proyectoSistemasDePotencia.Barras,int,int,int
[ERROR]   reason: actual and formal argument lists differ in length
[ERROR] -> [Help 1]
[ERROR] 
[ERROR] To see the full stack trace of the errors, re-run Maven with the -e switch.
[ERROR] Re-run Maven using the -X switch to enable full debug logging.
[ERROR] 
[ERROR] For more information about the errors and possible solutions, please read the following articles:
[ERROR] [Help 1] http://cwiki.apache.org/confluence/display/MAVEN/MojoFailureException